<?xml version="1.0" encoding="UTF-8"?>
<!-- Generated by org.testng.reporters.JUnitReportReporter -->
<testsuite skipped="0" hostname="G18KLSUMITM1" name="com.clubkitchen.qa.testcases.HomePageTest" tests="3" failures="0" timestamp="14 Dec 2019 06:25:09 GMT" time="35.442" errors="0">
  <testcase name="NavigateHomePageTest" time="0.143" classname="com.clubkitchen.qa.testcases.HomePageTest"/>
  <testcase name="HomePageTitleTest" time="0.050" classname="com.clubkitchen.qa.testcases.HomePageTest"/>
  <testcase name="GoToHomePage" time="35.249" classname="com.clubkitchen.qa.testcases.HomePageTest"/>
</testsuite> <!-- com.clubkitchen.qa.testcases.HomePageTest -->
